2018-12-06T23:45:46,017 [main] INFO  (StartupInfoLogger.java:48) - Starting Log4j2Application on IN-GN-43803.local with PID 72986 (/Users/hemang.rami/Downloads/POC/spring-boot-log4j2-sample-master/target/classes started by hemang.rami in /Users/hemang.rami/Downloads/POC/spring-boot-log4j2-sample-master)
2018-12-06T23:45:46,066 [main] INFO  (SpringApplication.java:637) - No active profile set, falling back to default profiles: default
2018-12-06T23:45:46,120 [main] INFO  (AbstractApplicationContext.java:582) - Refreshing org.springframework.boot.context.embedded.AnnotationConfigEmbeddedWebApplicationContext@7586beff: startup date [Thu Dec 06 23:45:46 IST 2018]; root of context hierarchy
2018-12-06T23:45:46,264 [background-preinit] INFO  (Version.java:30) - HV000001: Hibernate Validator 5.3.5.Final
2018-12-06T23:45:46,917 [main] INFO  (TomcatEmbeddedServletContainer.java:89) - Tomcat initialized with port(s): 8080 (http)
2018-12-06T23:45:46,925 [main] INFO  (DirectJDKLog.java:179) - Starting service Tomcat
2018-12-06T23:45:46,927 [main] INFO  (DirectJDKLog.java:179) - Starting Servlet Engine: Apache Tomcat/8.5.14
2018-12-06T23:45:46,990 [localhost-startStop-1] INFO  (DirectJDKLog.java:179) - Initializing Spring embedded WebApplicationContext
2018-12-06T23:45:46,990 [localhost-startStop-1] INFO  (EmbeddedWebApplicationContext.java:276) - Root WebApplicationContext: initialization completed in 873 ms
2018-12-06T23:45:47,104 [localhost-startStop-1] INFO  (ServletRegistrationBean.java:190) - Mapping servlet: 'dispatcherServlet' to [/]
2018-12-06T23:45:47,108 [localhost-startStop-1] INFO  (AbstractFilterRegistrationBean.java:258) - Mapping filter: 'characterEncodingFilter' to: [/*]
2018-12-06T23:45:47,109 [localhost-startStop-1] INFO  (AbstractFilterRegistrationBean.java:258) - Mapping filter: 'hiddenHttpMethodFilter' to: [/*]
2018-12-06T23:45:47,109 [localhost-startStop-1] INFO  (AbstractFilterRegistrationBean.java:258) - Mapping filter: 'httpPutFormContentFilter' to: [/*]
2018-12-06T23:45:47,109 [localhost-startStop-1] INFO  (AbstractFilterRegistrationBean.java:258) - Mapping filter: 'requestContextFilter' to: [/*]
2018-12-06T23:45:47,329 [main] INFO  (RequestMappingHandlerAdapter.java:534) - Looking for @ControllerAdvice: org.springframework.boot.context.embedded.AnnotationConfigEmbeddedWebApplicationContext@7586beff: startup date [Thu Dec 06 23:45:46 IST 2018]; root of context hierarchy
2018-12-06T23:45:47,374 [main] INFO  (AbstractHandlerMethodMapping.java:543) - Mapped "{[/test]}" onto public void re.vianneyfaiv.log4j2.Log4j2Controller.test()
2018-12-06T23:45:47,378 [main] INFO  (AbstractHandlerMethodMapping.java:543) - Mapped "{[/error]}" onto public org.springframework.http.ResponseEntity<java.util.Map<java.lang.String, java.lang.Object>> org.springframework.boot.autoconfigure.web.BasicErrorController.error(javax.servlet.http.HttpServletRequest)
2018-12-06T23:45:47,378 [main] INFO  (AbstractHandlerMethodMapping.java:543) - Mapped "{[/error],produces=[text/html]}" onto public org.springframework.web.servlet.ModelAndView org.springframework.boot.autoconfigure.web.BasicErrorController.errorHtml(javax.servlet.http.HttpServletRequest,javax.servlet.http.HttpServletResponse)
2018-12-06T23:45:47,401 [main] INFO  (AbstractUrlHandlerMapping.java:362) - Mapped URL path [/webjars/**] onto handler of type [class org.springframework.web.servlet.resource.ResourceHttpRequestHandler]
2018-12-06T23:45:47,402 [main] INFO  (AbstractUrlHandlerMapping.java:362) - Mapped URL path [/**] onto handler of type [class org.springframework.web.servlet.resource.ResourceHttpRequestHandler]
2018-12-06T23:45:47,428 [main] INFO  (AbstractUrlHandlerMapping.java:362) - Mapped URL path [/**/favicon.ico] onto handler of type [class org.springframework.web.servlet.resource.ResourceHttpRequestHandler]
2018-12-06T23:45:47,534 [main] INFO  (MBeanExporter.java:431) - Registering beans for JMX exposure on startup
2018-12-06T23:45:47,547 [main] INFO  (DirectJDKLog.java:179) - Initializing ProtocolHandler ["http-nio-8080"]
2018-12-06T23:45:47,552 [main] INFO  (DirectJDKLog.java:179) - Starting ProtocolHandler ["http-nio-8080"]
2018-12-06T23:45:47,574 [main] INFO  (DirectJDKLog.java:179) - Using a shared selector for servlet write/read
2018-12-06T23:45:47,597 [main] INFO  (TomcatEmbeddedServletContainer.java:198) - Tomcat started on port(s): 8080 (http)
2018-12-06T23:45:47,603 [main] INFO  (StartupInfoLogger.java:57) - Started Log4j2Application in 1.768 seconds (JVM running for 2.813)
2018-12-06T23:46:19,121 [RMI TCP Connection(2)-127.0.0.1] INFO  (SpringApplicationAdminMXBeanRegistrar.java:125) - Application shutdown requested.
2018-12-06T23:46:19,122 [RMI TCP Connection(2)-127.0.0.1] INFO  (AbstractApplicationContext.java:987) - Closing org.springframework.boot.context.embedded.AnnotationConfigEmbeddedWebApplicationContext@7586beff: startup date [Thu Dec 06 23:45:46 IST 2018]; root of context hierarchy
2018-12-06T23:46:19,123 [RMI TCP Connection(2)-127.0.0.1] INFO  (MBeanExporter.java:449) - Unregistering JMX-exposed beans on shutdown
2018-12-06T23:46:40,738 [main] INFO  (StartupInfoLogger.java:48) - Starting Log4j2Application on IN-GN-43803.local with PID 72994 (/Users/hemang.rami/Downloads/POC/spring-boot-log4j2-sample-master/target/classes started by hemang.rami in /Users/hemang.rami/Downloads/POC/spring-boot-log4j2-sample-master)
2018-12-06T23:46:40,742 [main] INFO  (SpringApplication.java:637) - No active profile set, falling back to default profiles: default
2018-12-06T23:46:40,806 [main] INFO  (AbstractApplicationContext.java:582) - Refreshing org.springframework.boot.context.embedded.AnnotationConfigEmbeddedWebApplicationContext@3fc2959f: startup date [Thu Dec 06 23:46:40 IST 2018]; root of context hierarchy
2018-12-06T23:46:41,143 [background-preinit] INFO  (Version.java:30) - HV000001: Hibernate Validator 5.3.5.Final
2018-12-06T23:46:42,265 [main] INFO  (TomcatEmbeddedServletContainer.java:89) - Tomcat initialized with port(s): 8080 (http)
2018-12-06T23:46:42,276 [main] INFO  (DirectJDKLog.java:179) - Starting service Tomcat
2018-12-06T23:46:42,278 [main] INFO  (DirectJDKLog.java:179) - Starting Servlet Engine: Apache Tomcat/8.5.14
2018-12-06T23:46:42,369 [localhost-startStop-1] INFO  (DirectJDKLog.java:179) - Initializing Spring embedded WebApplicationContext
2018-12-06T23:46:42,369 [localhost-startStop-1] INFO  (EmbeddedWebApplicationContext.java:276) - Root WebApplicationContext: initialization completed in 1566 ms
2018-12-06T23:46:42,501 [localhost-startStop-1] INFO  (ServletRegistrationBean.java:190) - Mapping servlet: 'dispatcherServlet' to [/]
2018-12-06T23:46:42,505 [localhost-startStop-1] INFO  (AbstractFilterRegistrationBean.java:258) - Mapping filter: 'characterEncodingFilter' to: [/*]
2018-12-06T23:46:42,505 [localhost-startStop-1] INFO  (AbstractFilterRegistrationBean.java:258) - Mapping filter: 'hiddenHttpMethodFilter' to: [/*]
2018-12-06T23:46:42,505 [localhost-startStop-1] INFO  (AbstractFilterRegistrationBean.java:258) - Mapping filter: 'httpPutFormContentFilter' to: [/*]
2018-12-06T23:46:42,506 [localhost-startStop-1] INFO  (AbstractFilterRegistrationBean.java:258) - Mapping filter: 'requestContextFilter' to: [/*]
2018-12-06T23:46:42,741 [main] INFO  (RequestMappingHandlerAdapter.java:534) - Looking for @ControllerAdvice: org.springframework.boot.context.embedded.AnnotationConfigEmbeddedWebApplicationContext@3fc2959f: startup date [Thu Dec 06 23:46:40 IST 2018]; root of context hierarchy
2018-12-06T23:46:42,803 [main] INFO  (AbstractHandlerMethodMapping.java:543) - Mapped "{[/test]}" onto public void re.vianneyfaiv.log4j2.Log4j2Controller.test()
2018-12-06T23:46:42,806 [main] INFO  (AbstractHandlerMethodMapping.java:543) - Mapped "{[/error]}" onto public org.springframework.http.ResponseEntity<java.util.Map<java.lang.String, java.lang.Object>> org.springframework.boot.autoconfigure.web.BasicErrorController.error(javax.servlet.http.HttpServletRequest)
2018-12-06T23:46:42,807 [main] INFO  (AbstractHandlerMethodMapping.java:543) - Mapped "{[/error],produces=[text/html]}" onto public org.springframework.web.servlet.ModelAndView org.springframework.boot.autoconfigure.web.BasicErrorController.errorHtml(javax.servlet.http.HttpServletRequest,javax.servlet.http.HttpServletResponse)
2018-12-06T23:46:42,843 [main] INFO  (AbstractUrlHandlerMapping.java:362) - Mapped URL path [/webjars/**] onto handler of type [class org.springframework.web.servlet.resource.ResourceHttpRequestHandler]
2018-12-06T23:46:42,843 [main] INFO  (AbstractUrlHandlerMapping.java:362) - Mapped URL path [/**] onto handler of type [class org.springframework.web.servlet.resource.ResourceHttpRequestHandler]
2018-12-06T23:46:42,874 [main] INFO  (AbstractUrlHandlerMapping.java:362) - Mapped URL path [/**/favicon.ico] onto handler of type [class org.springframework.web.servlet.resource.ResourceHttpRequestHandler]
2018-12-06T23:46:42,979 [main] INFO  (MBeanExporter.java:431) - Registering beans for JMX exposure on startup
2018-12-06T23:46:42,990 [main] INFO  (ScheduledAnnotationBeanPostProcessor.java:260) - No TaskScheduler/ScheduledExecutorService bean found for scheduled processing
2018-12-06T23:46:43,005 [main] INFO  (DirectJDKLog.java:179) - Initializing ProtocolHandler ["http-nio-8080"]
2018-12-06T23:46:43,017 [main] INFO  (DirectJDKLog.java:179) - Starting ProtocolHandler ["http-nio-8080"]
2018-12-06T23:46:43,044 [main] INFO  (DirectJDKLog.java:179) - Using a shared selector for servlet write/read
2018-12-06T23:46:43,059 [main] INFO  (TomcatEmbeddedServletContainer.java:198) - Tomcat started on port(s): 8080 (http)
2018-12-06T23:46:43,063 [main] INFO  (StartupInfoLogger.java:57) - Started Log4j2Application in 2.535 seconds (JVM running for 3.226)
2018-12-06T23:46:55,695 [Thread-3] INFO  (AbstractApplicationContext.java:987) - Closing org.springframework.boot.context.embedded.AnnotationConfigEmbeddedWebApplicationContext@3fc2959f: startup date [Thu Dec 06 23:46:40 IST 2018]; root of context hierarchy
