2018-10-04T20:11:35,434 [main] INFO  (StartupInfoLogger.java:48) - Starting Log4j2Application on IN-GN-43803.local with PID 47397 (/Users/hemang.rami/Downloads/POC/spring-boot-log4j2-sample-master/target/classes started by hemang.rami in /Users/hemang.rami/Downloads/POC/spring-boot-log4j2-sample-master)
2018-10-04T20:11:35,437 [main] INFO  (SpringApplication.java:637) - No active profile set, falling back to default profiles: default
2018-10-04T20:11:35,470 [main] INFO  (AbstractApplicationContext.java:582) - Refreshing org.springframework.boot.context.embedded.AnnotationConfigEmbeddedWebApplicationContext@7586beff: startup date [Thu Oct 04 20:11:35 IST 2018]; root of context hierarchy
2018-10-04T20:11:35,666 [background-preinit] INFO  (Version.java:30) - HV000001: Hibernate Validator 5.3.5.Final
2018-10-04T20:11:36,232 [main] INFO  (TomcatEmbeddedServletContainer.java:89) - Tomcat initialized with port(s): 8080 (http)
2018-10-04T20:11:36,240 [main] INFO  (DirectJDKLog.java:179) - Starting service Tomcat
2018-10-04T20:11:36,242 [main] INFO  (DirectJDKLog.java:179) - Starting Servlet Engine: Apache Tomcat/8.5.14
2018-10-04T20:11:36,332 [localhost-startStop-1] INFO  (DirectJDKLog.java:179) - Initializing Spring embedded WebApplicationContext
2018-10-04T20:11:36,332 [localhost-startStop-1] INFO  (EmbeddedWebApplicationContext.java:276) - Root WebApplicationContext: initialization completed in 865 ms
2018-10-04T20:11:36,424 [localhost-startStop-1] INFO  (ServletRegistrationBean.java:190) - Mapping servlet: 'dispatcherServlet' to [/]
2018-10-04T20:11:36,428 [localhost-startStop-1] INFO  (AbstractFilterRegistrationBean.java:258) - Mapping filter: 'characterEncodingFilter' to: [/*]
2018-10-04T20:11:36,429 [localhost-startStop-1] INFO  (AbstractFilterRegistrationBean.java:258) - Mapping filter: 'hiddenHttpMethodFilter' to: [/*]
2018-10-04T20:11:36,429 [localhost-startStop-1] INFO  (AbstractFilterRegistrationBean.java:258) - Mapping filter: 'httpPutFormContentFilter' to: [/*]
2018-10-04T20:11:36,429 [localhost-startStop-1] INFO  (AbstractFilterRegistrationBean.java:258) - Mapping filter: 'requestContextFilter' to: [/*]
2018-10-04T20:11:36,629 [main] INFO  (RequestMappingHandlerAdapter.java:534) - Looking for @ControllerAdvice: org.springframework.boot.context.embedded.AnnotationConfigEmbeddedWebApplicationContext@7586beff: startup date [Thu Oct 04 20:11:35 IST 2018]; root of context hierarchy
2018-10-04T20:11:36,674 [main] INFO  (AbstractHandlerMethodMapping.java:543) - Mapped "{[]}" onto public void re.vianneyfaiv.log4j2.Log4j2Controller.test()
2018-10-04T20:11:36,678 [main] INFO  (AbstractHandlerMethodMapping.java:543) - Mapped "{[/error]}" onto public org.springframework.http.ResponseEntity<java.util.Map<java.lang.String, java.lang.Object>> org.springframework.boot.autoconfigure.web.BasicErrorController.error(javax.servlet.http.HttpServletRequest)
2018-10-04T20:11:36,678 [main] INFO  (AbstractHandlerMethodMapping.java:543) - Mapped "{[/error],produces=[text/html]}" onto public org.springframework.web.servlet.ModelAndView org.springframework.boot.autoconfigure.web.BasicErrorController.errorHtml(javax.servlet.http.HttpServletRequest,javax.servlet.http.HttpServletResponse)
2018-10-04T20:11:36,703 [main] INFO  (AbstractUrlHandlerMapping.java:362) - Mapped URL path [/webjars/**] onto handler of type [class org.springframework.web.servlet.resource.ResourceHttpRequestHandler]
2018-10-04T20:11:36,704 [main] INFO  (AbstractUrlHandlerMapping.java:362) - Mapped URL path [/**] onto handler of type [class org.springframework.web.servlet.resource.ResourceHttpRequestHandler]
2018-10-04T20:11:36,732 [main] INFO  (AbstractUrlHandlerMapping.java:362) - Mapped URL path [/**/favicon.ico] onto handler of type [class org.springframework.web.servlet.resource.ResourceHttpRequestHandler]
2018-10-04T20:11:36,842 [main] INFO  (MBeanExporter.java:431) - Registering beans for JMX exposure on startup
2018-10-04T20:11:36,856 [main] INFO  (DirectJDKLog.java:179) - Initializing ProtocolHandler ["http-nio-8080"]
2018-10-04T20:11:36,862 [main] INFO  (DirectJDKLog.java:179) - Starting ProtocolHandler ["http-nio-8080"]
2018-10-04T20:11:36,881 [main] INFO  (DirectJDKLog.java:179) - Using a shared selector for servlet write/read
2018-10-04T20:11:36,893 [main] INFO  (TomcatEmbeddedServletContainer.java:198) - Tomcat started on port(s): 8080 (http)
2018-10-04T20:11:36,896 [main] INFO  (StartupInfoLogger.java:57) - Started Log4j2Application in 1.618 seconds (JVM running for 2.242)
2018-10-04T23:24:40,951 [RMI TCP Connection(2)-127.0.0.1] INFO  (SpringApplicationAdminMXBeanRegistrar.java:125) - Application shutdown requested.
2018-10-04T23:24:40,952 [RMI TCP Connection(2)-127.0.0.1] INFO  (AbstractApplicationContext.java:987) - Closing org.springframework.boot.context.embedded.AnnotationConfigEmbeddedWebApplicationContext@7586beff: startup date [Thu Oct 04 20:11:35 IST 2018]; root of context hierarchy
2018-10-04T23:24:40,953 [RMI TCP Connection(2)-127.0.0.1] INFO  (MBeanExporter.java:449) - Unregistering JMX-exposed beans on shutdown
